[M::bwa_idx_load_from_disk] read 0 ALT contigs
[M::process] read 1584160 sequences (160000160 bp)...
[M::process] read 1584160 sequences (160000160 bp)...
[M::mem_pestat] # candidate unique pairs for (FF, FR, RF, RR): (5, 623809, 0, 1)
[M::mem_pestat] skip orientation FF as there are not enough pairs
[M::mem_pestat] analyzing insert size distribution for orientation FR...
[M::mem_pestat] (25, 50, 75) percentile: (200, 242, 299)
[M::mem_pestat] low and high boundaries for computing mean and std.dev: (2, 497)
[M::mem_pestat] mean and std.dev: (253.64, 72.58)
[M::mem_pestat] low and high boundaries for proper pairs: (1, 596)
[M::mem_pestat] skip orientation RF as there are not enough pairs
[M::mem_pestat] skip orientation RR as there are not enough pairs
[M::mem_process_seqs] Processed 1584160 reads in 253.584 CPU sec, 16.161 real sec
[M::process] read 1584160 sequences (160000160 bp)...
[M::mem_pestat] # candidate unique pairs for (FF, FR, RF, RR): (0, 443072, 0, 0)
[M::mem_pestat] skip orientation FF as there are not enough pairs
[M::mem_pestat] analyzing insert size distribution for orientation FR...
[M::mem_pestat] (25, 50, 75) percentile: (201, 243, 301)
[M::mem_pestat] low and high boundaries for computing mean and std.dev: (1, 501)
[M::mem_pestat] mean and std.dev: (255.08, 73.25)
[M::mem_pestat] low and high boundaries for proper pairs: (1, 601)
[M::mem_pestat] skip orientation RF as there are not enough pairs
[M::mem_pestat] skip orientation RR as there are not enough pairs
[M::mem_process_seqs] Processed 1584160 reads in 479.408 CPU sec, 30.510 real sec
[M::process] read 1584160 sequences (160000160 bp)...
[M::mem_pestat] # candidate unique pairs for (FF, FR, RF, RR): (5, 666375, 5, 1)
[M::mem_pestat] skip orientation FF as there are not enough pairs
[M::mem_pestat] analyzing insert size distribution for orientation FR...
[M::mem_pestat] (25, 50, 75) percentile: (200, 243, 299)
[M::mem_pestat] low and high boundaries for computing mean and std.dev: (2, 497)
[M::mem_pestat] mean and std.dev: (254.16, 72.47)
[M::mem_pestat] low and high boundaries for proper pairs: (1, 596)
[M::mem_pestat] skip orientation RF as there are not enough pairs
[M::mem_pestat] skip orientation RR as there are not enough pairs
[M::mem_process_seqs] Processed 1584160 reads in 224.284 CPU sec, 14.290 real sec
[M::process] read 1584160 sequences (160000160 bp)...
[M::mem_pestat] # candidate unique pairs for (FF, FR, RF, RR): (3, 597939, 0, 2)
[M::mem_pestat] skip orientation FF as there are not enough pairs
[M::mem_pestat] analyzing insert size distribution for orientation FR...
[M::mem_pestat] (25, 50, 75) percentile: (200, 242, 298)
[M::mem_pestat] low and high boundaries for computing mean and std.dev: (4, 494)
[M::mem_pestat] mean and std.dev: (253.41, 72.30)
[M::mem_pestat] low and high boundaries for proper pairs: (1, 592)
[M::mem_pestat] skip orientation RF as there are not enough pairs
[M::mem_pestat] skip orientation RR as there are not enough pairs
[M::mem_process_seqs] Processed 1584160 reads in 248.432 CPU sec, 15.697 real sec
[M::mem_pestat] # candidate unique pairs for (FF, FR, RF, RR): (5, 658986, 0, 1)
[M::mem_pestat] skip orientation FF as there are not enough pairs
[M::mem_pestat] analyzing insert size distribution for orientation FR...
[M::mem_pestat] (25, 50, 75) percentile: (200, 242, 298)
[M::mem_pestat] low and high boundaries for computing mean and std.dev: (4, 494)
[M::mem_pestat] mean and std.dev: (253.56, 72.21)
[M::mem_pestat] low and high boundaries for proper pairs: (1, 592)
[M::mem_pestat] skip orientation RF as there are not enough pairs
[M::mem_pestat] skip orientation RR as there are not enough pairs
[M::process] read 1584160 sequences (160000160 bp)...
[M::mem_process_seqs] Processed 1584160 reads in 220.236 CPU sec, 13.963 real sec
[M::process] read 1584160 sequences (160000160 bp)...
[M::mem_pestat] # candidate unique pairs for (FF, FR, RF, RR): (3, 719472, 1, 2)
[M::mem_pestat] skip orientation FF as there are not enough pairs
[M::mem_pestat] analyzing insert size distribution for orientation FR...
[M::mem_pestat] (25, 50, 75) percentile: (200, 243, 299)
[M::mem_pestat] low and high boundaries for computing mean and std.dev: (2, 497)
[M::mem_pestat] mean and std.dev: (254.20, 72.73)
[M::mem_pestat] low and high boundaries for proper pairs: (1, 596)
[M::mem_pestat] skip orientation RF as there are not enough pairs
[M::mem_pestat] skip orientation RR as there are not enough pairs
[M::mem_process_seqs] Processed 1584160 reads in 210.212 CPU sec, 13.319 real sec
[M::process] read 1584160 sequences (160000160 bp)...
[M::mem_pestat] # candidate unique pairs for (FF, FR, RF, RR): (5, 614107, 0, 0)
[M::mem_pestat] skip orientation FF as there are not enough pairs
[M::mem_pestat] analyzing insert size distribution for orientation FR...
[M::mem_pestat] (25, 50, 75) percentile: (200, 242, 298)
[M::mem_pestat] low and high boundaries for computing mean and std.dev: (4, 494)
[M::mem_pestat] mean and std.dev: (253.45, 72.09)
[M::mem_pestat] low and high boundaries for proper pairs: (1, 592)
[M::mem_pestat] skip orientation RF as there are not enough pairs
[M::mem_pestat] skip orientation RR as there are not enough pairs
[M::mem_process_seqs] Processed 1584160 reads in 296.656 CPU sec, 19.213 real sec
[M::process] read 1584160 sequences (160000160 bp)...
[M::mem_pestat] # candidate unique pairs for (FF, FR, RF, RR): (4, 672460, 1, 2)
[M::mem_pestat] skip orientation FF as there are not enough pairs
[M::mem_pestat] analyzing insert size distribution for orientation FR...
[M::mem_pestat] (25, 50, 75) percentile: (200, 242, 298)
[M::mem_pestat] low and high boundaries for computing mean and std.dev: (4, 494)
[M::mem_pestat] mean and std.dev: (253.15, 72.06)
[M::mem_pestat] low and high boundaries for proper pairs: (1, 592)
[M::mem_pestat] skip orientation RF as there are not enough pairs
[M::mem_pestat] skip orientation RR as there are not enough pairs
[M::mem_process_seqs] Processed 1584160 reads in 233.464 CPU sec, 15.756 real sec
[M::process] read 1584160 sequences (160000160 bp)...
[M::mem_pestat] # candidate unique pairs for (FF, FR, RF, RR): (25, 612607, 0, 19)
[M::mem_pestat] analyzing insert size distribution for orientation FF...
[M::mem_pestat] (25, 50, 75) percentile: (4240, 4270, 4322)
[M::mem_pestat] low and high boundaries for computing mean and std.dev: (4076, 4486)
[M::mem_pestat] mean and std.dev: (4300.67, 49.83)
[M::mem_pestat] low and high boundaries for proper pairs: (3994, 4568)
[M::mem_pestat] analyzing insert size distribution for orientation FR...
[M::mem_pestat] (25, 50, 75) percentile: (200, 242, 299)
[M::mem_pestat] low and high boundaries for computing mean and std.dev: (2, 497)
[M::mem_pestat] mean and std.dev: (253.70, 72.46)
[M::mem_pestat] low and high boundaries for proper pairs: (1, 596)
[M::mem_pestat] skip orientation RF as there are not enough pairs
[M::mem_pestat] analyzing insert size distribution for orientation RR...
[M::mem_pestat] (25, 50, 75) percentile: (4269, 4344, 4472)
[M::mem_pestat] low and high boundaries for computing mean and std.dev: (3863, 4878)
[M::mem_pestat] mean and std.dev: (4344.37, 124.88)
[M::mem_pestat] low and high boundaries for proper pairs: (3660, 5081)
[M::mem_pestat] skip orientation FF
[M::mem_pestat] skip orientation RR
[M::mem_process_seqs] Processed 1584160 reads in 286.376 CPU sec, 19.272 real sec
[M::process] read 1584160 sequences (160000160 bp)...
[M::mem_pestat] # candidate unique pairs for (FF, FR, RF, RR): (8, 590019, 0, 3)
[M::mem_pestat] skip orientation FF as there are not enough pairs
[M::mem_pestat] analyzing insert size distribution for orientation FR...
[M::mem_pestat] (25, 50, 75) percentile: (201, 243, 300)
[M::mem_pestat] low and high boundaries for computing mean and std.dev: (3, 498)
[M::mem_pestat] mean and std.dev: (254.71, 72.98)
[M::mem_pestat] low and high boundaries for proper pairs: (1, 597)
[M::mem_pestat] skip orientation RF as there are not enough pairs
[M::mem_pestat] skip orientation RR as there are not enough pairs
[M::mem_process_seqs] Processed 1584160 reads in 243.644 CPU sec, 16.382 real sec
[M::process] read 1584160 sequences (160000160 bp)...
[M::mem_pestat] # candidate unique pairs for (FF, FR, RF, RR): (5, 669133, 0, 1)
[M::mem_pestat] skip orientation FF as there are not enough pairs
[M::mem_pestat] analyzing insert size distribution for orientation FR...
[M::mem_pestat] (25, 50, 75) percentile: (200, 242, 298)
[M::mem_pestat] low and high boundaries for computing mean and std.dev: (4, 494)
[M::mem_pestat] mean and std.dev: (253.42, 72.00)
[M::mem_pestat] low and high boundaries for proper pairs: (1, 592)
[M::mem_pestat] skip orientation RF as there are not enough pairs
[M::mem_pestat] skip orientation RR as there are not enough pairs
[M::mem_process_seqs] Processed 1584160 reads in 221.812 CPU sec, 14.951 real sec
[M::process] read 1584160 sequences (160000160 bp)...
[M::mem_pestat] # candidate unique pairs for (FF, FR, RF, RR): (2, 443281, 0, 1)
[M::mem_pestat] skip orientation FF as there are not enough pairs
[M::mem_pestat] analyzing insert size distribution for orientation FR...
[M::mem_pestat] (25, 50, 75) percentile: (200, 243, 299)
[M::mem_pestat] low and high boundaries for computing mean and std.dev: (2, 497)
[M::mem_pestat] mean and std.dev: (254.19, 72.72)
[M::mem_pestat] low and high boundaries for proper pairs: (1, 596)
[M::mem_pestat] skip orientation RF as there are not enough pairs
[M::mem_pestat] skip orientation RR as there are not enough pairs
[M::mem_process_seqs] Processed 1584160 reads in 353.296 CPU sec, 23.757 real sec
[M::process] read 1584160 sequences (160000160 bp)...
[M::mem_pestat] # candidate unique pairs for (FF, FR, RF, RR): (4, 549708, 2, 1)
[M::mem_pestat] skip orientation FF as there are not enough pairs
[M::mem_pestat] analyzing insert size distribution for orientation FR...
[M::mem_pestat] (25, 50, 75) percentile: (200, 243, 299)
[M::mem_pestat] low and high boundaries for computing mean and std.dev: (2, 497)
[M::mem_pestat] mean and std.dev: (253.81, 72.60)
[M::mem_pestat] low and high boundaries for proper pairs: (1, 596)
[M::mem_pestat] skip orientation RF as there are not enough pairs
[M::mem_pestat] skip orientation RR as there are not enough pairs
[M::mem_process_seqs] Processed 1584160 reads in 311.284 CPU sec, 21.010 real sec
[M::process] read 1584160 sequences (160000160 bp)...
[M::mem_pestat] # candidate unique pairs for (FF, FR, RF, RR): (3, 483465, 1, 1)
[M::mem_pestat] skip orientation FF as there are not enough pairs
[M::mem_pestat] analyzing insert size distribution for orientation FR...
[M::mem_pestat] (25, 50, 75) percentile: (200, 242, 299)
[M::mem_pestat] low and high boundaries for computing mean and std.dev: (2, 497)
[M::mem_pestat] mean and std.dev: (253.76, 72.47)
[M::mem_pestat] low and high boundaries for proper pairs: (1, 596)
[M::mem_pestat] skip orientation RF as there are not enough pairs
[M::mem_pestat] skip orientation RR as there are not enough pairs
[M::mem_process_seqs] Processed 1584160 reads in 289.072 CPU sec, 18.249 real sec
[M::process] read 1584160 sequences (160000160 bp)...
[M::mem_pestat] # candidate unique pairs for (FF, FR, RF, RR): (2, 565549, 2, 2)
[M::mem_pestat] skip orientation FF as there are not enough pairs
[M::mem_pestat] analyzing insert size distribution for orientation FR...
[M::mem_pestat] (25, 50, 75) percentile: (200, 243, 299)
[M::mem_pestat] low and high boundaries for computing mean and std.dev: (2, 497)
[M::mem_pestat] mean and std.dev: (253.86, 72.59)
[M::mem_pestat] low and high boundaries for proper pairs: (1, 596)
[M::mem_pestat] skip orientation RF as there are not enough pairs
[M::mem_pestat] skip orientation RR as there are not enough pairs
[M::mem_process_seqs] Processed 1584160 reads in 255.604 CPU sec, 16.165 real sec
[M::process] read 1584160 sequences (160000160 bp)...
[M::mem_pestat] # candidate unique pairs for (FF, FR, RF, RR): (1, 589453, 16, 1)
[M::mem_pestat] skip orientation FF as there are not enough pairs
[M::mem_pestat] analyzing insert size distribution for orientation FR...
[M::mem_pestat] (25, 50, 75) percentile: (200, 243, 299)
[M::mem_pestat] low and high boundaries for computing mean and std.dev: (2, 497)
[M::mem_pestat] mean and std.dev: (254.05, 72.64)
[M::mem_pestat] low and high boundaries for proper pairs: (1, 596)
[M::mem_pestat] analyzing insert size distribution for orientation RF...
[M::mem_pestat] (25, 50, 75) percentile: (4465, 4471, 4539)
[M::mem_pestat] low and high boundaries for computing mean and std.dev: (4317, 4687)
[M::mem_pestat] mean and std.dev: (4484.13, 56.48)
[M::mem_pestat] low and high boundaries for proper pairs: (4243, 4761)
[M::mem_pestat] skip orientation RR as there are not enough pairs
[M::mem_pestat] skip orientation RF
[M::mem_process_seqs] Processed 1584160 reads in 240.420 CPU sec, 15.221 real sec
[M::process] read 1584160 sequences (160000160 bp)...
[M::mem_pestat] # candidate unique pairs for (FF, FR, RF, RR): (7, 635498, 2, 1)
[M::mem_pestat] skip orientation FF as there are not enough pairs
[M::mem_pestat] analyzing insert size distribution for orientation FR...
[M::mem_pestat] (25, 50, 75) percentile: (200, 243, 301)
[M::mem_pestat] low and high boundaries for computing mean and std.dev: (1, 503)
[M::mem_pestat] mean and std.dev: (254.93, 73.52)
[M::mem_pestat] low and high boundaries for proper pairs: (1, 604)
[M::mem_pestat] skip orientation RF as there are not enough pairs
[M::mem_pestat] skip orientation RR as there are not enough pairs
[M::mem_process_seqs] Processed 1584160 reads in 232.228 CPU sec, 14.766 real sec
[M::process] read 1584160 sequences (160000160 bp)...
[M::mem_pestat] # candidate unique pairs for (FF, FR, RF, RR): (10, 660793, 0, 7)
[M::mem_pestat] analyzing insert size distribution for orientation FF...
[M::mem_pestat] (25, 50, 75) percentile: (136, 382, 435)
[M::mem_pestat] low and high boundaries for computing mean and std.dev: (1, 1033)
[M::mem_pestat] mean and std.dev: (360.90, 246.53)
[M::mem_pestat] low and high boundaries for proper pairs: (1, 1347)
[M::mem_pestat] analyzing insert size distribution for orientation FR...
[M::mem_pestat] (25, 50, 75) percentile: (200, 243, 299)
[M::mem_pestat] low and high boundaries for computing mean and std.dev: (2, 497)
[M::mem_pestat] mean and std.dev: (253.99, 72.55)
[M::mem_pestat] low and high boundaries for proper pairs: (1, 596)
[M::mem_pestat] skip orientation RF as there are not enough pairs
[M::mem_pestat] skip orientation RR as there are not enough pairs
[M::mem_pestat] skip orientation FF
[M::mem_process_seqs] Processed 1584160 reads in 219.908 CPU sec, 13.961 real sec
[M::process] read 1584160 sequences (160000160 bp)...
[M::mem_pestat] # candidate unique pairs for (FF, FR, RF, RR): (4, 681015, 0, 0)
[M::mem_pestat] skip orientation FF as there are not enough pairs
[M::mem_pestat] analyzing insert size distribution for orientation FR...
[M::mem_pestat] (25, 50, 75) percentile: (200, 243, 299)
[M::mem_pestat] low and high boundaries for computing mean and std.dev: (2, 497)
[M::mem_pestat] mean and std.dev: (253.81, 72.42)
[M::mem_pestat] low and high boundaries for proper pairs: (1, 596)
[M::mem_pestat] skip orientation RF as there are not enough pairs
[M::mem_pestat] skip orientation RR as there are not enough pairs
[M::mem_process_seqs] Processed 1584160 reads in 219.372 CPU sec, 13.869 real sec
[M::mem_pestat] # candidate unique pairs for (FF, FR, RF, RR): (6, 667376, 1, 1)
[M::mem_pestat] skip orientation FF as there are not enough pairs
[M::mem_pestat] analyzing insert size distribution for orientation FR...
[M::mem_pestat] (25, 50, 75) percentile: (200, 243, 299)
[M::mem_pestat] low and high boundaries for computing mean and std.dev: (2, 497)
[M::mem_pestat] mean and std.dev: (253.86, 72.50)
[M::mem_pestat] low and high boundaries for proper pairs: (1, 596)
[M::mem_pestat] skip orientation RF as there are not enough pairs
[M::mem_pestat] skip orientation RR as there are not enough pairs
[M::process] read 1584160 sequences (160000160 bp)...
[M::mem_process_seqs] Processed 1584160 reads in 227.568 CPU sec, 14.618 real sec
[M::process] read 1584160 sequences (160000160 bp)...
[M::mem_pestat] # candidate unique pairs for (FF, FR, RF, RR): (6, 482577, 0, 3)
[M::mem_pestat] skip orientation FF as there are not enough pairs
[M::mem_pestat] analyzing insert size distribution for orientation FR...
[M::mem_pestat] (25, 50, 75) percentile: (200, 242, 299)
[M::mem_pestat] low and high boundaries for computing mean and std.dev: (2, 497)
[M::mem_pestat] mean and std.dev: (253.89, 72.44)
[M::mem_pestat] low and high boundaries for proper pairs: (1, 596)
[M::mem_pestat] skip orientation RF as there are not enough pairs
[M::mem_pestat] skip orientation RR as there are not enough pairs
[M::mem_process_seqs] Processed 1584160 reads in 291.580 CPU sec, 18.387 real sec
[M::process] read 1584160 sequences (160000160 bp)...
[M::mem_pestat] # candidate unique pairs for (FF, FR, RF, RR): (0, 451278, 0, 1)
[M::mem_pestat] skip orientation FF as there are not enough pairs
[M::mem_pestat] analyzing insert size distribution for orientation FR...
[M::mem_pestat] (25, 50, 75) percentile: (200, 242, 299)
[M::mem_pestat] low and high boundaries for computing mean and std.dev: (2, 497)
[M::mem_pestat] mean and std.dev: (253.90, 72.87)
[M::mem_pestat] low and high boundaries for proper pairs: (1, 596)
[M::mem_pestat] skip orientation RF as there are not enough pairs
[M::mem_pestat] skip orientation RR as there are not enough pairs
[M::mem_process_seqs] Processed 1584160 reads in 349.596 CPU sec, 22.276 real sec
[M::process] read 1584160 sequences (160000160 bp)...
[M::mem_pestat] # candidate unique pairs for (FF, FR, RF, RR): (4, 559254, 0, 0)
[M::mem_pestat] skip orientation FF as there are not enough pairs
[M::mem_pestat] analyzing insert size distribution for orientation FR...
[M::mem_pestat] (25, 50, 75) percentile: (200, 243, 299)
[M::mem_pestat] low and high boundaries for computing mean and std.dev: (2, 497)
[M::mem_pestat] mean and std.dev: (254.01, 72.97)
[M::mem_pestat] low and high boundaries for proper pairs: (1, 596)
[M::mem_pestat] skip orientation RF as there are not enough pairs
[M::mem_pestat] skip orientation RR as there are not enough pairs
[M::mem_process_seqs] Processed 1584160 reads in 249.400 CPU sec, 15.812 real sec
[M::process] read 1584160 sequences (160000160 bp)...
[M::mem_pestat] # candidate unique pairs for (FF, FR, RF, RR): (6, 559960, 1, 0)
[M::mem_pestat] skip orientation FF as there are not enough pairs
[M::mem_pestat] analyzing insert size distribution for orientation FR...
[M::mem_pestat] (25, 50, 75) percentile: (200, 242, 299)
[M::mem_pestat] low and high boundaries for computing mean and std.dev: (2, 497)
[M::mem_pestat] mean and std.dev: (253.68, 72.60)
[M::mem_pestat] low and high boundaries for proper pairs: (1, 596)
[M::mem_pestat] skip orientation RF as there are not enough pairs
[M::mem_pestat] skip orientation RR as there are not enough pairs
[M::mem_process_seqs] Processed 1584160 reads in 261.200 CPU sec, 17.738 real sec
[M::process] read 1584160 sequences (160000160 bp)...
[M::mem_pestat] # candidate unique pairs for (FF, FR, RF, RR): (3, 628057, 8, 1)
[M::mem_pestat] skip orientation FF as there are not enough pairs
[M::mem_pestat] analyzing insert size distribution for orientation FR...
[M::mem_pestat] (25, 50, 75) percentile: (201, 244, 301)
[M::mem_pestat] low and high boundaries for computing mean and std.dev: (1, 501)
[M::mem_pestat] mean and std.dev: (255.28, 73.43)
[M::mem_pestat] low and high boundaries for proper pairs: (1, 601)
[M::mem_pestat] skip orientation RF as there are not enough pairs
[M::mem_pestat] skip orientation RR as there are not enough pairs
[M::mem_process_seqs] Processed 1584160 reads in 255.468 CPU sec, 16.364 real sec
[M::process] read 1584160 sequences (160000160 bp)...
[M::mem_pestat] # candidate unique pairs for (FF, FR, RF, RR): (3, 643050, 6, 1)
[M::mem_pestat] skip orientation FF as there are not enough pairs
[M::mem_pestat] analyzing insert size distribution for orientation FR...
[M::mem_pestat] (25, 50, 75) percentile: (201, 244, 302)
[M::mem_pestat] low and high boundaries for computing mean and std.dev: (1, 504)
[M::mem_pestat] mean and std.dev: (255.99, 73.94)
[M::mem_pestat] low and high boundaries for proper pairs: (1, 605)
[M::mem_pestat] skip orientation RF as there are not enough pairs
[M::mem_pestat] skip orientation RR as there are not enough pairs
[M::mem_process_seqs] Processed 1584160 reads in 235.344 CPU sec, 14.886 real sec
[M::process] read 1584160 sequences (160000160 bp)...
[M::mem_pestat] # candidate unique pairs for (FF, FR, RF, RR): (2, 549744, 1, 3)
[M::mem_pestat] skip orientation FF as there are not enough pairs
[M::mem_pestat] analyzing insert size distribution for orientation FR...
[M::mem_pestat] (25, 50, 75) percentile: (200, 242, 299)
[M::mem_pestat] low and high boundaries for computing mean and std.dev: (2, 497)
[M::mem_pestat] mean and std.dev: (253.84, 72.82)
[M::mem_pestat] low and high boundaries for proper pairs: (1, 596)
[M::mem_pestat] skip orientation RF as there are not enough pairs
[M::mem_pestat] skip orientation RR as there are not enough pairs
[M::mem_process_seqs] Processed 1584160 reads in 268.248 CPU sec, 16.929 real sec
[M::process] read 1584160 sequences (160000160 bp)...
[M::mem_pestat] # candidate unique pairs for (FF, FR, RF, RR): (209, 353590, 64, 114)
[M::mem_pestat] analyzing insert size distribution for orientation FF...
[M::mem_pestat] (25, 50, 75) percentile: (78, 161, 919)
[M::mem_pestat] low and high boundaries for computing mean and std.dev: (1, 2601)
[M::mem_pestat] mean and std.dev: (354.12, 469.10)
[M::mem_pestat] low and high boundaries for proper pairs: (1, 3442)
[M::mem_pestat] analyzing insert size distribution for orientation FR...
[M::mem_pestat] (25, 50, 75) percentile: (201, 245, 302)
[M::mem_pestat] low and high boundaries for computing mean and std.dev: (1, 504)
[M::mem_pestat] mean and std.dev: (256.04, 73.76)
[M::mem_pestat] low and high boundaries for proper pairs: (1, 605)
[M::mem_pestat] analyzing insert size distribution for orientation RF...
[M::mem_pestat] (25, 50, 75) percentile: (885, 1170, 4023)
[M::mem_pestat] low and high boundaries for computing mean and std.dev: (1, 10299)
[M::mem_pestat] mean and std.dev: (2007.14, 1711.14)
[M::mem_pestat] low and high boundaries for proper pairs: (1, 13437)
[M::mem_pestat] analyzing insert size distribution for orientation RR...
[M::mem_pestat] (25, 50, 75) percentile: (664, 1194, 4122)
[M::mem_pestat] low and high boundaries for computing mean and std.dev: (1, 11038)
[M::mem_pestat] mean and std.dev: (2025.66, 1939.73)
[M::mem_pestat] low and high boundaries for proper pairs: (1, 14496)
[M::mem_pestat] skip orientation FF
[M::mem_pestat] skip orientation RF
[M::mem_pestat] skip orientation RR
[mem_sam_pe] paired reads have different names: "21953717", "21953712"

